# JRE version: Java(TM) SE Runtime Environment (15.0.2+7) (build 15.0.2+7-27)
# Java VM: Java HotSpot(TM) 64-Bit Server VM (15.0.2+7-27, mixed mode, sharing, tiered, compressed oops, g1 gc, windows-amd64)
GC Precious Log:
 CPUs: 4 total, 4 available
 Memory: 8047M
 Large Page Support: Disabled
 NUMA Support: Disabled
 Compressed Oops: Enabled (32-bit)
 Heap Region Size: 1M
 Heap Min Capacity: 8M
 Heap Initial Capacity: 126M
 Heap Max Capacity: 2012M
 Pre-touch: Disabled
 Parallel Workers: 4
 Concurrent Workers: 1
 Concurrent Refinement Workers: 4
 Periodic GC: Disabled
Heap:
 garbage-first heap   total 55296K, used 30888K [0x0000000082400000, 0x0000000100000000)
  region size 1024K, 20 young (20480K), 4 survivors (4096K)
 Metaspace       used 25988K, capacity 26385K, committed 26544K, reserved 1073152K
  class space    used 3146K, capacity 3279K, committed 3328K, reserved 1048576K
GC Heap History (12 events):
Event: 1.786 GC heap before
{Heap before GC invocations=0 (full 0):
 garbage-first heap   total 129024K, used 13312K [0x0000000082400000, 0x0000000100000000)
  region size 1024K, 13 young (13312K), 0 survivors (0K)
 Metaspace       used 3223K, capacity 5491K, committed 5760K, reserved 1056768K
  class space    used 323K, capacity 529K, committed 640K, reserved 1048576K
}
Event: 1.795 GC heap after
{Heap after GC invocations=1 (full 0):
 garbage-first heap   total 129024K, used 7275K [0x0000000082400000, 0x0000000100000000)
  region size 1024K, 2 young (2048K), 2 survivors (2048K)
 Metaspace       used 3223K, capacity 5491K, committed 5760K, reserved 1056768K
  class space    used 323K, capacity 529K, committed 640K, reserved 1048576K
}
Event: 2.398 GC heap before
{Heap before GC invocations=1 (full 0):
 garbage-first heap   total 129024K, used 15467K [0x0000000082400000, 0x0000000100000000)
  region size 1024K, 10 young (10240K), 2 survivors (2048K)
 Metaspace       used 5269K, capacity 6909K, committed 7168K, reserved 1056768K
  class space    used 559K, capacity 702K, committed 768K, reserved 1048576K
}
Event: 2.405 GC heap after
{Heap after GC invocations=2 (full 0):
 garbage-first heap   total 129024K, used 8220K [0x0000000082400000, 0x0000000100000000)
  region size 1024K, 1 young (1024K), 1 survivors (1024K)
 Metaspace       used 5269K, capacity 6909K, committed 7168K, reserved 1056768K
  class space    used 559K, capacity 702K, committed 768K, reserved 1048576K
}
Event: 4.476 GC heap before
{Heap before GC invocations=2 (full 0):
 garbage-first heap   total 129024K, used 28700K [0x0000000082400000, 0x0000000100000000)
  region size 1024K, 21 young (21504K), 1 survivors (1024K)
 Metaspace       used 10032K, capacity 10516K, committed 10752K, reserved 1058816K
  class space    used 1172K, capacity 1239K, committed 1280K, reserved 1048576K
}
Event: 4.483 GC heap after
{Heap after GC invocations=3 (full 0):
 garbage-first heap   total 129024K, used 9510K [0x0000000082400000, 0x0000000100000000)
  region size 1024K, 2 young (2048K), 2 survivors (2048K)
 Metaspace       used 10032K, capacity 10516K, committed 10752K, reserved 1058816K
  class space    used 1172K, capacity 1239K, committed 1280K, reserved 1048576K
}
Event: 6.769 GC heap before
{Heap before GC invocations=3 (full 0):
 garbage-first heap   total 129024K, used 83238K [0x0000000082400000, 0x0000000100000000)
  region size 1024K, 75 young (76800K), 2 survivors (2048K)
 Metaspace       used 18241K, capacity 18480K, committed 18688K, reserved 1064960K
  class space    used 2177K, capacity 2250K, committed 2304K, reserved 1048576K
}
Event: 6.784 GC heap after
{Heap after GC invocations=4 (full 0):
 garbage-first heap   total 129024K, used 12462K [0x0000000082400000, 0x0000000100000000)
  region size 1024K, 5 young (5120K), 5 survivors (5120K)
 Metaspace       used 18241K, capacity 18480K, committed 18688K, reserved 1064960K
  class space    used 2177K, capacity 2250K, committed 2304K, reserved 1048576K
}
Event: 8.103 GC heap before
{Heap before GC invocations=4 (full 0):
 garbage-first heap   total 129024K, used 51374K [0x0000000082400000, 0x0000000100000000)
  region size 1024K, 45 young (46080K), 5 survivors (5120K)
 Metaspace       used 20875K, capacity 21156K, committed 21296K, reserved 1069056K
  class space    used 2483K, capacity 2601K, committed 2688K, reserved 1048576K
}
Event: 8.119 GC heap after
{Heap after GC invocations=5 (full 0):
 garbage-first heap   total 129024K, used 13880K [0x0000000082400000, 0x0000000100000000)
  region size 1024K, 7 young (7168K), 7 survivors (7168K)
 Metaspace       used 20875K, capacity 21156K, committed 21296K, reserved 1069056K
  class space    used 2483K, capacity 2601K, committed 2688K, reserved 1048576K
}
Event: 9.401 GC heap before
{Heap before GC invocations=6 (full 0):
 garbage-first heap   total 55296K, used 39480K [0x0000000082400000, 0x0000000100000000)
  region size 1024K, 32 young (32768K), 7 survivors (7168K)
 Metaspace       used 23359K, capacity 23732K, committed 23856K, reserved 1071104K
  class space    used 2823K, capacity 2941K, committed 2944K, reserved 1048576K
}
Event: 9.426 GC heap after
{Heap after GC invocations=7 (full 0):
 garbage-first heap   total 55296K, used 15528K [0x0000000082400000, 0x0000000100000000)
  region size 1024K, 4 young (4096K), 4 survivors (4096K)
 Metaspace       used 23359K, capacity 23732K, committed 23856K, reserved 1071104K
  class space    used 2823K, capacity 2941K, committed 2944K, reserved 1048576K
}

